<?xml version="1.0" encoding="UTF-8"?>
<!-- Generated by org.testng.reporters.JUnitXMLReporter -->
<testsuite ignored="2" hostname="ITT-SUNILRATUR" failures="0" tests="7" name="HPSC test cases" time="1.595" errors="0" timestamp="2024-01-03T11:47:39 IST">
  <testcase classname="org.springframework.test.context.testng.AbstractTestNGSpringContextTests" name="@BeforeClass springTestContextPrepareTestInstance" time="1.266">
    <failure type="org.springframework.beans.factory.UnsatisfiedDependencyException" message="Error creating bean with name &amp;apos;com.hpsc.qa.testcases.LoginPageTest&amp;apos;: Unsatisfied dependency expressed through field &amp;apos;driver&amp;apos;; nested exception is org.springframework.beans.factory.BeanCreationException: Error creating bean with name &amp;apos;getWebDriver&amp;apos; defined in com.hpsc.qa.base.MainBase: Bean instantiation via factory method failed; nested exception is org.springframework.beans.BeanInstantiationException: Failed to instantiate [org.openqa.selenium.WebDriver]: Factory method &amp;apos;getWebDriver&amp;apos; threw exception; nested exception is java.lang.NullPointerException: Cannot invoke &amp;quot;String.equalsIgnoreCase(String)&amp;quot; because the return value of &amp;quot;java.lang.System.getProperty(String)&amp;quot; is null">
      <![CDATA[org.springframework.beans.factory.UnsatisfiedDependencyException: Error creating bean with name 'com.hpsc.qa.testcases.LoginPageTest': Unsatisfied dependency expressed through field 'driver'; nested exception is org.springframework.beans.factory.BeanCreationException: Error creating bean with name 'getWebDriver' defined in com.hpsc.qa.base.MainBase: Bean instantiation via factory method failed; nested exception is org.springframework.beans.BeanInstantiationException: Failed to instantiate [org.openqa.selenium.WebDriver]: Factory method 'getWebDriver' threw exception; nested exception is java.lang.NullPointerException: Cannot invoke "String.equalsIgnoreCase(String)" because the return value of "java.lang.System.getProperty(String)" is null
at org.springframework.beans.factory.annotation.AutowiredAnnotationBeanPostProcessor$AutowiredFieldElement.resolveFieldValue(AutowiredAnnotationBeanPostProcessor.java:659)
at org.springframework.beans.factory.annotation.AutowiredAnnotationBeanPostProcessor$AutowiredFieldElement.inject(AutowiredAnnotationBeanPostProcessor.java:639)
at org.springframework.beans.factory.annotation.InjectionMetadata.inject(InjectionMetadata.java:119)
at org.springframework.beans.factory.annotation.AutowiredAnnotationBeanPostProcessor.postProcessProperties(AutowiredAnnotationBeanPostProcessor.java:399)
at org.springframework.beans.factory.support.AbstractAutowireCapableBeanFactory.populateBean(AbstractAutowireCapableBeanFactory.java:1431)
at org.springframework.beans.factory.support.AbstractAutowireCapableBeanFactory.autowireBeanProperties(AbstractAutowireCapableBeanFactory.java:417)
at org.springframework.test.context.support.DependencyInjectionTestExecutionListener.injectDependencies(DependencyInjectionTestExecutionListener.java:119)
at org.springframework.test.context.support.DependencyInjectionTestExecutionListener.prepareTestInstance(DependencyInjectionTestExecutionListener.java:83)
at org.springframework.test.context.TestContextManager.prepareTestInstance(TestContextManager.java:248)
at org.springframework.test.context.testng.AbstractTestNGSpringContextTests.springTestContextPrepareTestInstance(AbstractTestNGSpringContextTests.java:149)
at java.base/java.util.ArrayList.forEach(ArrayList.java:1511)
Caused by: org.springframework.beans.factory.BeanCreationException: Error creating bean with name 'getWebDriver' defined in com.hpsc.qa.base.MainBase: Bean instantiation via factory method failed; nested exception is org.springframework.beans.BeanInstantiationException: Failed to instantiate [org.openqa.selenium.WebDriver]: Factory method 'getWebDriver' threw exception; nested exception is java.lang.NullPointerException: Cannot invoke "String.equalsIgnoreCase(String)" because the return value of "java.lang.System.getProperty(String)" is null
at org.springframework.beans.factory.support.ConstructorResolver.instantiate(ConstructorResolver.java:658)
at org.springframework.beans.factory.support.ConstructorResolver.instantiateUsingFactoryMethod(ConstructorResolver.java:486)
at org.springframework.beans.factory.support.AbstractAutowireCapableBeanFactory.instantiateUsingFactoryMethod(AbstractAutowireCapableBeanFactory.java:1352)
at org.springframework.beans.factory.support.AbstractAutowireCapableBeanFactory.createBeanInstance(AbstractAutowireCapableBeanFactory.java:1195)
at org.springframework.beans.factory.support.AbstractAutowireCapableBeanFactory.doCreateBean(AbstractAutowireCapableBeanFactory.java:582)
at org.springframework.beans.factory.support.AbstractAutowireCapableBeanFactory.createBean(AbstractAutowireCapableBeanFactory.java:542)
at org.springframework.beans.factory.support.AbstractBeanFactory.lambda$doGetBean$1(AbstractBeanFactory.java:374)
at org.springframework.boot.test.autoconfigure.web.servlet.WebDriverScope.get(WebDriverScope.java:58)
at org.springframework.beans.factory.support.AbstractBeanFactory.doGetBean(AbstractBeanFactory.java:371)
at org.springframework.beans.factory.support.AbstractBeanFactory.getBean(AbstractBeanFactory.java:208)
at org.springframework.beans.factory.config.DependencyDescriptor.resolveCandidate(DependencyDescriptor.java:276)
at org.springframework.beans.factory.support.DefaultListableBeanFactory.doResolveDependency(DefaultListableBeanFactory.java:1389)
at org.springframework.beans.factory.support.DefaultListableBeanFactory.resolveDependency(DefaultListableBeanFactory.java:1309)
at org.springframework.beans.factory.annotation.AutowiredAnnotationBeanPostProcessor$AutowiredFieldElement.resolveFieldValue(AutowiredAnnotationBeanPostProcessor.java:656)
... 33 more
Caused by: org.springframework.beans.BeanInstantiationException: Failed to instantiate [org.openqa.selenium.WebDriver]: Factory method 'getWebDriver' threw exception; nested exception is java.lang.NullPointerException: Cannot invoke "String.equalsIgnoreCase(String)" because the return value of "java.lang.System.getProperty(String)" is null
at org.springframework.beans.factory.support.SimpleInstantiationStrategy.instantiate(SimpleInstantiationStrategy.java:185)
at org.springframework.beans.factory.support.ConstructorResolver.instantiate(ConstructorResolver.java:653)
... 46 more
Caused by: java.lang.NullPointerException: Cannot invoke "String.equalsIgnoreCase(String)" because the return value of "java.lang.System.getProperty(String)" is null
at com.hpsc.qa.base.MainBase.getWebDriver(MainBase.java:16)
at com.hpsc.qa.base.MainBase$$EnhancerBySpringCGLIB$$382aaf41.CGLIB$getWebDriver$0(<generated>)
at com.hpsc.qa.base.MainBase$$EnhancerBySpringCGLIB$$382aaf41$$FastClassBySpringCGLIB$$a70f88dd.invoke(<generated>)
at org.springframework.cglib.proxy.MethodProxy.invokeSuper(MethodProxy.java:244)
at org.springframework.context.annotation.ConfigurationClassEnhancer$BeanMethodInterceptor.intercept(ConfigurationClassEnhancer.java:331)
at com.hpsc.qa.base.MainBase$$EnhancerBySpringCGLIB$$382aaf41.getWebDriver(<generated>)
at org.springframework.beans.factory.support.SimpleInstantiationStrategy.instantiate(SimpleInstantiationStrategy.java:154)
... 47 more
... Removed 25 stack frames]]>
    </failure>
  </testcase> <!-- @BeforeClass springTestContextPrepareTestInstance -->
  <testcase classname="com.hpsc.qa.base.TestBase" name="@BeforeClass setUp" time="0.0">
    <skipped/>
  </testcase> <!-- @BeforeClass setUp -->
  <testcase classname="com.hpsc.qa.base.TestBase" name="@BeforeMethod login" time="0.0">
    <skipped/>
  </testcase> <!-- @BeforeMethod login -->
  <testcase classname="com.hpsc.qa.base.TestBase" name="@AfterMethod nevigateBackToHomepage" time="0.0">
    <skipped/>
  </testcase> <!-- @AfterMethod nevigateBackToHomepage -->
  <testcase classname="org.springframework.test.context.testng.AbstractTestNGSpringContextTests" name="@BeforeMethod springTestContextBeforeTestMethod" time="0.004">
    <failure type="org.springframework.beans.factory.UnsatisfiedDependencyException" message="Error creating bean with name &amp;apos;com.hpsc.qa.testcases.LoginPageTest&amp;apos;: Unsatisfied dependency expressed through field &amp;apos;driver&amp;apos;; nested exception is org.springframework.beans.factory.BeanCreationException: Error creating bean with name &amp;apos;getWebDriver&amp;apos; defined in com.hpsc.qa.base.MainBase: Bean instantiation via factory method failed; nested exception is org.springframework.beans.BeanInstantiationException: Failed to instantiate [org.openqa.selenium.WebDriver]: Factory method &amp;apos;getWebDriver&amp;apos; threw exception; nested exception is java.lang.NullPointerException: Cannot invoke &amp;quot;String.equalsIgnoreCase(String)&amp;quot; because the return value of &amp;quot;java.lang.System.getProperty(String)&amp;quot; is null">
      <![CDATA[org.springframework.beans.factory.UnsatisfiedDependencyException: Error creating bean with name 'com.hpsc.qa.testcases.LoginPageTest': Unsatisfied dependency expressed through field 'driver'; nested exception is org.springframework.beans.factory.BeanCreationException: Error creating bean with name 'getWebDriver' defined in com.hpsc.qa.base.MainBase: Bean instantiation via factory method failed; nested exception is org.springframework.beans.BeanInstantiationException: Failed to instantiate [org.openqa.selenium.WebDriver]: Factory method 'getWebDriver' threw exception; nested exception is java.lang.NullPointerException: Cannot invoke "String.equalsIgnoreCase(String)" because the return value of "java.lang.System.getProperty(String)" is null
at org.springframework.beans.factory.annotation.AutowiredAnnotationBeanPostProcessor$AutowiredFieldElement.resolveFieldValue(AutowiredAnnotationBeanPostProcessor.java:659)
at org.springframework.beans.factory.annotation.AutowiredAnnotationBeanPostProcessor$AutowiredFieldElement.inject(AutowiredAnnotationBeanPostProcessor.java:639)
at org.springframework.beans.factory.annotation.InjectionMetadata.inject(InjectionMetadata.java:119)
at org.springframework.beans.factory.annotation.AutowiredAnnotationBeanPostProcessor.postProcessProperties(AutowiredAnnotationBeanPostProcessor.java:399)
at org.springframework.beans.factory.support.AbstractAutowireCapableBeanFactory.populateBean(AbstractAutowireCapableBeanFactory.java:1431)
at org.springframework.beans.factory.support.AbstractAutowireCapableBeanFactory.autowireBeanProperties(AbstractAutowireCapableBeanFactory.java:417)
at org.springframework.test.context.support.DependencyInjectionTestExecutionListener.injectDependencies(DependencyInjectionTestExecutionListener.java:119)
at org.springframework.test.context.support.DependencyInjectionTestExecutionListener.beforeTestMethod(DependencyInjectionTestExecutionListener.java:99)
at org.springframework.test.context.TestContextManager.beforeTestMethod(TestContextManager.java:293)
at org.springframework.test.context.testng.AbstractTestNGSpringContextTests.springTestContextBeforeTestMethod(AbstractTestNGSpringContextTests.java:161)
at java.base/java.util.ArrayList.forEach(ArrayList.java:1511)
Caused by: org.springframework.beans.factory.BeanCreationException: Error creating bean with name 'getWebDriver' defined in com.hpsc.qa.base.MainBase: Bean instantiation via factory method failed; nested exception is org.springframework.beans.BeanInstantiationException: Failed to instantiate [org.openqa.selenium.WebDriver]: Factory method 'getWebDriver' threw exception; nested exception is java.lang.NullPointerException: Cannot invoke "String.equalsIgnoreCase(String)" because the return value of "java.lang.System.getProperty(String)" is null
at org.springframework.beans.factory.support.ConstructorResolver.instantiate(ConstructorResolver.java:658)
at org.springframework.beans.factory.support.ConstructorResolver.instantiateUsingFactoryMethod(ConstructorResolver.java:486)
at org.springframework.beans.factory.support.AbstractAutowireCapableBeanFactory.instantiateUsingFactoryMethod(AbstractAutowireCapableBeanFactory.java:1352)
at org.springframework.beans.factory.support.AbstractAutowireCapableBeanFactory.createBeanInstance(AbstractAutowireCapableBeanFactory.java:1195)
at org.springframework.beans.factory.support.AbstractAutowireCapableBeanFactory.doCreateBean(AbstractAutowireCapableBeanFactory.java:582)
at org.springframework.beans.factory.support.AbstractAutowireCapableBeanFactory.createBean(AbstractAutowireCapableBeanFactory.java:542)
at org.springframework.beans.factory.support.AbstractBeanFactory.lambda$doGetBean$1(AbstractBeanFactory.java:374)
at org.springframework.boot.test.autoconfigure.web.servlet.WebDriverScope.get(WebDriverScope.java:58)
at org.springframework.beans.factory.support.AbstractBeanFactory.doGetBean(AbstractBeanFactory.java:371)
at org.springframework.beans.factory.support.AbstractBeanFactory.getBean(AbstractBeanFactory.java:208)
at org.springframework.beans.factory.config.DependencyDescriptor.resolveCandidate(DependencyDescriptor.java:276)
at org.springframework.beans.factory.support.DefaultListableBeanFactory.doResolveDependency(DefaultListableBeanFactory.java:1389)
at org.springframework.beans.factory.support.DefaultListableBeanFactory.resolveDependency(DefaultListableBeanFactory.java:1309)
at org.springframework.beans.factory.annotation.AutowiredAnnotationBeanPostProcessor$AutowiredFieldElement.resolveFieldValue(AutowiredAnnotationBeanPostProcessor.java:656)
... 39 more
Caused by: org.springframework.beans.BeanInstantiationException: Failed to instantiate [org.openqa.selenium.WebDriver]: Factory method 'getWebDriver' threw exception; nested exception is java.lang.NullPointerException: Cannot invoke "String.equalsIgnoreCase(String)" because the return value of "java.lang.System.getProperty(String)" is null
at org.springframework.beans.factory.support.SimpleInstantiationStrategy.instantiate(SimpleInstantiationStrategy.java:185)
at org.springframework.beans.factory.support.ConstructorResolver.instantiate(ConstructorResolver.java:653)
... 52 more
Caused by: java.lang.NullPointerException: Cannot invoke "String.equalsIgnoreCase(String)" because the return value of "java.lang.System.getProperty(String)" is null
at com.hpsc.qa.base.MainBase.getWebDriver(MainBase.java:16)
at com.hpsc.qa.base.MainBase$$EnhancerBySpringCGLIB$$382aaf41.CGLIB$getWebDriver$0(<generated>)
at com.hpsc.qa.base.MainBase$$EnhancerBySpringCGLIB$$382aaf41$$FastClassBySpringCGLIB$$a70f88dd.invoke(<generated>)
at org.springframework.cglib.proxy.MethodProxy.invokeSuper(MethodProxy.java:244)
at org.springframework.context.annotation.ConfigurationClassEnhancer$BeanMethodInterceptor.intercept(ConfigurationClassEnhancer.java:331)
at com.hpsc.qa.base.MainBase$$EnhancerBySpringCGLIB$$382aaf41.getWebDriver(<generated>)
at org.springframework.beans.factory.support.SimpleInstantiationStrategy.instantiate(SimpleInstantiationStrategy.java:154)
... 53 more
... Removed 31 stack frames]]>
    </failure>
  </testcase> <!-- @BeforeMethod springTestContextBeforeTestMethod -->
  <testcase classname="com.hpsc.qa.base.TestBase" name="@BeforeMethod login" time="0.0">
    <skipped/>
  </testcase> <!-- @BeforeMethod login -->
  <testcase classname="com.hpsc.qa.base.TestBase" name="@AfterMethod nevigateBackToHomepage" time="0.0">
    <skipped/>
  </testcase> <!-- @AfterMethod nevigateBackToHomepage -->
  <testcase classname="org.springframework.test.context.testng.AbstractTestNGSpringContextTests" name="@BeforeClass springTestContextPrepareTestInstance" time="0.016">
    <failure type="org.springframework.beans.factory.UnsatisfiedDependencyException" message="Error creating bean with name &amp;apos;com.hpsc.qa.testcases.HomePageTest&amp;apos;: Unsatisfied dependency expressed through field &amp;apos;driver&amp;apos;; nested exception is org.springframework.beans.factory.BeanCreationException: Error creating bean with name &amp;apos;getWebDriver&amp;apos; defined in com.hpsc.qa.base.MainBase: Bean instantiation via factory method failed; nested exception is org.springframework.beans.BeanInstantiationException: Failed to instantiate [org.openqa.selenium.WebDriver]: Factory method &amp;apos;getWebDriver&amp;apos; threw exception; nested exception is java.lang.NullPointerException: Cannot invoke &amp;quot;String.equalsIgnoreCase(String)&amp;quot; because the return value of &amp;quot;java.lang.System.getProperty(String)&amp;quot; is null">
      <![CDATA[org.springframework.beans.factory.UnsatisfiedDependencyException: Error creating bean with name 'com.hpsc.qa.testcases.HomePageTest': Unsatisfied dependency expressed through field 'driver'; nested exception is org.springframework.beans.factory.BeanCreationException: Error creating bean with name 'getWebDriver' defined in com.hpsc.qa.base.MainBase: Bean instantiation via factory method failed; nested exception is org.springframework.beans.BeanInstantiationException: Failed to instantiate [org.openqa.selenium.WebDriver]: Factory method 'getWebDriver' threw exception; nested exception is java.lang.NullPointerException: Cannot invoke "String.equalsIgnoreCase(String)" because the return value of "java.lang.System.getProperty(String)" is null
at org.springframework.beans.factory.annotation.AutowiredAnnotationBeanPostProcessor$AutowiredFieldElement.resolveFieldValue(AutowiredAnnotationBeanPostProcessor.java:659)
at org.springframework.beans.factory.annotation.AutowiredAnnotationBeanPostProcessor$AutowiredFieldElement.inject(AutowiredAnnotationBeanPostProcessor.java:639)
at org.springframework.beans.factory.annotation.InjectionMetadata.inject(InjectionMetadata.java:119)
at org.springframework.beans.factory.annotation.AutowiredAnnotationBeanPostProcessor.postProcessProperties(AutowiredAnnotationBeanPostProcessor.java:399)
at org.springframework.beans.factory.support.AbstractAutowireCapableBeanFactory.populateBean(AbstractAutowireCapableBeanFactory.java:1431)
at org.springframework.beans.factory.support.AbstractAutowireCapableBeanFactory.autowireBeanProperties(AbstractAutowireCapableBeanFactory.java:417)
at org.springframework.test.context.support.DependencyInjectionTestExecutionListener.injectDependencies(DependencyInjectionTestExecutionListener.java:119)
at org.springframework.test.context.support.DependencyInjectionTestExecutionListener.prepareTestInstance(DependencyInjectionTestExecutionListener.java:83)
at org.springframework.test.context.TestContextManager.prepareTestInstance(TestContextManager.java:248)
at org.springframework.test.context.testng.AbstractTestNGSpringContextTests.springTestContextPrepareTestInstance(AbstractTestNGSpringContextTests.java:149)
at java.base/java.util.ArrayList.forEach(ArrayList.java:1511)
Caused by: org.springframework.beans.factory.BeanCreationException: Error creating bean with name 'getWebDriver' defined in com.hpsc.qa.base.MainBase: Bean instantiation via factory method failed; nested exception is org.springframework.beans.BeanInstantiationException: Failed to instantiate [org.openqa.selenium.WebDriver]: Factory method 'getWebDriver' threw exception; nested exception is java.lang.NullPointerException: Cannot invoke "String.equalsIgnoreCase(String)" because the return value of "java.lang.System.getProperty(String)" is null
at org.springframework.beans.factory.support.ConstructorResolver.instantiate(ConstructorResolver.java:658)
at org.springframework.beans.factory.support.ConstructorResolver.instantiateUsingFactoryMethod(ConstructorResolver.java:486)
at org.springframework.beans.factory.support.AbstractAutowireCapableBeanFactory.instantiateUsingFactoryMethod(AbstractAutowireCapableBeanFactory.java:1352)
at org.springframework.beans.factory.support.AbstractAutowireCapableBeanFactory.createBeanInstance(AbstractAutowireCapableBeanFactory.java:1195)
at org.springframework.beans.factory.support.AbstractAutowireCapableBeanFactory.doCreateBean(AbstractAutowireCapableBeanFactory.java:582)
at org.springframework.beans.factory.support.AbstractAutowireCapableBeanFactory.createBean(AbstractAutowireCapableBeanFactory.java:542)
at org.springframework.beans.factory.support.AbstractBeanFactory.lambda$doGetBean$1(AbstractBeanFactory.java:374)
at org.springframework.boot.test.autoconfigure.web.servlet.WebDriverScope.get(WebDriverScope.java:58)
at org.springframework.beans.factory.support.AbstractBeanFactory.doGetBean(AbstractBeanFactory.java:371)
at org.springframework.beans.factory.support.AbstractBeanFactory.getBean(AbstractBeanFactory.java:208)
at org.springframework.beans.factory.config.DependencyDescriptor.resolveCandidate(DependencyDescriptor.java:276)
at org.springframework.beans.factory.support.DefaultListableBeanFactory.doResolveDependency(DefaultListableBeanFactory.java:1389)
at org.springframework.beans.factory.support.DefaultListableBeanFactory.resolveDependency(DefaultListableBeanFactory.java:1309)
at org.springframework.beans.factory.annotation.AutowiredAnnotationBeanPostProcessor$AutowiredFieldElement.resolveFieldValue(AutowiredAnnotationBeanPostProcessor.java:656)
... 33 more
Caused by: org.springframework.beans.BeanInstantiationException: Failed to instantiate [org.openqa.selenium.WebDriver]: Factory method 'getWebDriver' threw exception; nested exception is java.lang.NullPointerException: Cannot invoke "String.equalsIgnoreCase(String)" because the return value of "java.lang.System.getProperty(String)" is null
at org.springframework.beans.factory.support.SimpleInstantiationStrategy.instantiate(SimpleInstantiationStrategy.java:185)
at org.springframework.beans.factory.support.ConstructorResolver.instantiate(ConstructorResolver.java:653)
... 46 more
Caused by: java.lang.NullPointerException: Cannot invoke "String.equalsIgnoreCase(String)" because the return value of "java.lang.System.getProperty(String)" is null
at com.hpsc.qa.base.MainBase.getWebDriver(MainBase.java:16)
at com.hpsc.qa.base.MainBase$$EnhancerBySpringCGLIB$$382aaf41.CGLIB$getWebDriver$0(<generated>)
at com.hpsc.qa.base.MainBase$$EnhancerBySpringCGLIB$$382aaf41$$FastClassBySpringCGLIB$$a70f88dd.invoke(<generated>)
at org.springframework.cglib.proxy.MethodProxy.invokeSuper(MethodProxy.java:244)
at org.springframework.context.annotation.ConfigurationClassEnhancer$BeanMethodInterceptor.intercept(ConfigurationClassEnhancer.java:331)
at com.hpsc.qa.base.MainBase$$EnhancerBySpringCGLIB$$382aaf41.getWebDriver(<generated>)
at org.springframework.beans.factory.support.SimpleInstantiationStrategy.instantiate(SimpleInstantiationStrategy.java:154)
... 47 more
... Removed 25 stack frames]]>
    </failure>
  </testcase> <!-- @BeforeClass springTestContextPrepareTestInstance -->
  <testcase classname="com.hpsc.qa.base.TestBase" name="@BeforeClass setUp" time="0.0">
    <skipped/>
  </testcase> <!-- @BeforeClass setUp -->
  <testcase classname="com.hpsc.qa.base.TestBase" name="@BeforeMethod login" time="0.0">
    <skipped/>
  </testcase> <!-- @BeforeMethod login -->
  <testcase classname="com.hpsc.qa.base.TestBase" name="@AfterMethod nevigateBackToHomepage" time="0.0">
    <skipped/>
  </testcase> <!-- @AfterMethod nevigateBackToHomepage -->
  <testcase classname="org.springframework.test.context.testng.AbstractTestNGSpringContextTests" name="@BeforeMethod springTestContextBeforeTestMethod" time="0.004">
    <failure type="org.springframework.beans.factory.UnsatisfiedDependencyException" message="Error creating bean with name &amp;apos;com.hpsc.qa.testcases.HomePageTest&amp;apos;: Unsatisfied dependency expressed through field &amp;apos;driver&amp;apos;; nested exception is org.springframework.beans.factory.BeanCreationException: Error creating bean with name &amp;apos;getWebDriver&amp;apos; defined in com.hpsc.qa.base.MainBase: Bean instantiation via factory method failed; nested exception is org.springframework.beans.BeanInstantiationException: Failed to instantiate [org.openqa.selenium.WebDriver]: Factory method &amp;apos;getWebDriver&amp;apos; threw exception; nested exception is java.lang.NullPointerException: Cannot invoke &amp;quot;String.equalsIgnoreCase(String)&amp;quot; because the return value of &amp;quot;java.lang.System.getProperty(String)&amp;quot; is null">
      <![CDATA[org.springframework.beans.factory.UnsatisfiedDependencyException: Error creating bean with name 'com.hpsc.qa.testcases.HomePageTest': Unsatisfied dependency expressed through field 'driver'; nested exception is org.springframework.beans.factory.BeanCreationException: Error creating bean with name 'getWebDriver' defined in com.hpsc.qa.base.MainBase: Bean instantiation via factory method failed; nested exception is org.springframework.beans.BeanInstantiationException: Failed to instantiate [org.openqa.selenium.WebDriver]: Factory method 'getWebDriver' threw exception; nested exception is java.lang.NullPointerException: Cannot invoke "String.equalsIgnoreCase(String)" because the return value of "java.lang.System.getProperty(String)" is null
at org.springframework.beans.factory.annotation.AutowiredAnnotationBeanPostProcessor$AutowiredFieldElement.resolveFieldValue(AutowiredAnnotationBeanPostProcessor.java:659)
at org.springframework.beans.factory.annotation.AutowiredAnnotationBeanPostProcessor$AutowiredFieldElement.inject(AutowiredAnnotationBeanPostProcessor.java:639)
at org.springframework.beans.factory.annotation.InjectionMetadata.inject(InjectionMetadata.java:119)
at org.springframework.beans.factory.annotation.AutowiredAnnotationBeanPostProcessor.postProcessProperties(AutowiredAnnotationBeanPostProcessor.java:399)
at org.springframework.beans.factory.support.AbstractAutowireCapableBeanFactory.populateBean(AbstractAutowireCapableBeanFactory.java:1431)
at org.springframework.beans.factory.support.AbstractAutowireCapableBeanFactory.autowireBeanProperties(AbstractAutowireCapableBeanFactory.java:417)
at org.springframework.test.context.support.DependencyInjectionTestExecutionListener.injectDependencies(DependencyInjectionTestExecutionListener.java:119)
at org.springframework.test.context.support.DependencyInjectionTestExecutionListener.beforeTestMethod(DependencyInjectionTestExecutionListener.java:99)
at org.springframework.test.context.TestContextManager.beforeTestMethod(TestContextManager.java:293)
at org.springframework.test.context.testng.AbstractTestNGSpringContextTests.springTestContextBeforeTestMethod(AbstractTestNGSpringContextTests.java:161)
at java.base/java.util.ArrayList.forEach(ArrayList.java:1511)
Caused by: org.springframework.beans.factory.BeanCreationException: Error creating bean with name 'getWebDriver' defined in com.hpsc.qa.base.MainBase: Bean instantiation via factory method failed; nested exception is org.springframework.beans.BeanInstantiationException: Failed to instantiate [org.openqa.selenium.WebDriver]: Factory method 'getWebDriver' threw exception; nested exception is java.lang.NullPointerException: Cannot invoke "String.equalsIgnoreCase(String)" because the return value of "java.lang.System.getProperty(String)" is null
at org.springframework.beans.factory.support.ConstructorResolver.instantiate(ConstructorResolver.java:658)
at org.springframework.beans.factory.support.ConstructorResolver.instantiateUsingFactoryMethod(ConstructorResolver.java:486)
at org.springframework.beans.factory.support.AbstractAutowireCapableBeanFactory.instantiateUsingFactoryMethod(AbstractAutowireCapableBeanFactory.java:1352)
at org.springframework.beans.factory.support.AbstractAutowireCapableBeanFactory.createBeanInstance(AbstractAutowireCapableBeanFactory.java:1195)
at org.springframework.beans.factory.support.AbstractAutowireCapableBeanFactory.doCreateBean(AbstractAutowireCapableBeanFactory.java:582)
at org.springframework.beans.factory.support.AbstractAutowireCapableBeanFactory.createBean(AbstractAutowireCapableBeanFactory.java:542)
at org.springframework.beans.factory.support.AbstractBeanFactory.lambda$doGetBean$1(AbstractBeanFactory.java:374)
at org.springframework.boot.test.autoconfigure.web.servlet.WebDriverScope.get(WebDriverScope.java:58)
at org.springframework.beans.factory.support.AbstractBeanFactory.doGetBean(AbstractBeanFactory.java:371)
at org.springframework.beans.factory.support.AbstractBeanFactory.getBean(AbstractBeanFactory.java:208)
at org.springframework.beans.factory.config.DependencyDescriptor.resolveCandidate(DependencyDescriptor.java:276)
at org.springframework.beans.factory.support.DefaultListableBeanFactory.doResolveDependency(DefaultListableBeanFactory.java:1389)
at org.springframework.beans.factory.support.DefaultListableBeanFactory.resolveDependency(DefaultListableBeanFactory.java:1309)
at org.springframework.beans.factory.annotation.AutowiredAnnotationBeanPostProcessor$AutowiredFieldElement.resolveFieldValue(AutowiredAnnotationBeanPostProcessor.java:656)
... 39 more
Caused by: org.springframework.beans.BeanInstantiationException: Failed to instantiate [org.openqa.selenium.WebDriver]: Factory method 'getWebDriver' threw exception; nested exception is java.lang.NullPointerException: Cannot invoke "String.equalsIgnoreCase(String)" because the return value of "java.lang.System.getProperty(String)" is null
at org.springframework.beans.factory.support.SimpleInstantiationStrategy.instantiate(SimpleInstantiationStrategy.java:185)
at org.springframework.beans.factory.support.ConstructorResolver.instantiate(ConstructorResolver.java:653)
... 52 more
Caused by: java.lang.NullPointerException: Cannot invoke "String.equalsIgnoreCase(String)" because the return value of "java.lang.System.getProperty(String)" is null
at com.hpsc.qa.base.MainBase.getWebDriver(MainBase.java:16)
at com.hpsc.qa.base.MainBase$$EnhancerBySpringCGLIB$$382aaf41.CGLIB$getWebDriver$0(<generated>)
at com.hpsc.qa.base.MainBase$$EnhancerBySpringCGLIB$$382aaf41$$FastClassBySpringCGLIB$$a70f88dd.invoke(<generated>)
at org.springframework.cglib.proxy.MethodProxy.invokeSuper(MethodProxy.java:244)
at org.springframework.context.annotation.ConfigurationClassEnhancer$BeanMethodInterceptor.intercept(ConfigurationClassEnhancer.java:331)
at com.hpsc.qa.base.MainBase$$EnhancerBySpringCGLIB$$382aaf41.getWebDriver(<generated>)
at org.springframework.beans.factory.support.SimpleInstantiationStrategy.instantiate(SimpleInstantiationStrategy.java:154)
... 53 more
... Removed 31 stack frames]]>
    </failure>
  </testcase> <!-- @BeforeMethod springTestContextBeforeTestMethod -->
  <testcase classname="com.hpsc.qa.base.TestBase" name="@BeforeMethod login" time="0.0">
    <skipped/>
  </testcase> <!-- @BeforeMethod login -->
  <testcase classname="com.hpsc.qa.base.TestBase" name="@AfterMethod nevigateBackToHomepage" time="0.0">
    <skipped/>
  </testcase> <!-- @AfterMethod nevigateBackToHomepage -->
  <testcase classname="org.springframework.test.context.testng.AbstractTestNGSpringContextTests" name="@BeforeMethod springTestContextBeforeTestMethod" time="0.005">
    <failure type="org.springframework.beans.factory.UnsatisfiedDependencyException" message="Error creating bean with name &amp;apos;com.hpsc.qa.testcases.HomePageTest&amp;apos;: Unsatisfied dependency expressed through field &amp;apos;driver&amp;apos;; nested exception is org.springframework.beans.factory.BeanCreationException: Error creating bean with name &amp;apos;getWebDriver&amp;apos; defined in com.hpsc.qa.base.MainBase: Bean instantiation via factory method failed; nested exception is org.springframework.beans.BeanInstantiationException: Failed to instantiate [org.openqa.selenium.WebDriver]: Factory method &amp;apos;getWebDriver&amp;apos; threw exception; nested exception is java.lang.NullPointerException: Cannot invoke &amp;quot;String.equalsIgnoreCase(String)&amp;quot; because the return value of &amp;quot;java.lang.System.getProperty(String)&amp;quot; is null">
      <![CDATA[org.springframework.beans.factory.UnsatisfiedDependencyException: Error creating bean with name 'com.hpsc.qa.testcases.HomePageTest': Unsatisfied dependency expressed through field 'driver'; nested exception is org.springframework.beans.factory.BeanCreationException: Error creating bean with name 'getWebDriver' defined in com.hpsc.qa.base.MainBase: Bean instantiation via factory method failed; nested exception is org.springframework.beans.BeanInstantiationException: Failed to instantiate [org.openqa.selenium.WebDriver]: Factory method 'getWebDriver' threw exception; nested exception is java.lang.NullPointerException: Cannot invoke "String.equalsIgnoreCase(String)" because the return value of "java.lang.System.getProperty(String)" is null
at org.springframework.beans.factory.annotation.AutowiredAnnotationBeanPostProcessor$AutowiredFieldElement.resolveFieldValue(AutowiredAnnotationBeanPostProcessor.java:659)
at org.springframework.beans.factory.annotation.AutowiredAnnotationBeanPostProcessor$AutowiredFieldElement.inject(AutowiredAnnotationBeanPostProcessor.java:639)
at org.springframework.beans.factory.annotation.InjectionMetadata.inject(InjectionMetadata.java:119)
at org.springframework.beans.factory.annotation.AutowiredAnnotationBeanPostProcessor.postProcessProperties(AutowiredAnnotationBeanPostProcessor.java:399)
at org.springframework.beans.factory.support.AbstractAutowireCapableBeanFactory.populateBean(AbstractAutowireCapableBeanFactory.java:1431)
at org.springframework.beans.factory.support.AbstractAutowireCapableBeanFactory.autowireBeanProperties(AbstractAutowireCapableBeanFactory.java:417)
at org.springframework.test.context.support.DependencyInjectionTestExecutionListener.injectDependencies(DependencyInjectionTestExecutionListener.java:119)
at org.springframework.test.context.support.DependencyInjectionTestExecutionListener.beforeTestMethod(DependencyInjectionTestExecutionListener.java:99)
at org.springframework.test.context.TestContextManager.beforeTestMethod(TestContextManager.java:293)
at org.springframework.test.context.testng.AbstractTestNGSpringContextTests.springTestContextBeforeTestMethod(AbstractTestNGSpringContextTests.java:161)
at java.base/java.util.ArrayList.forEach(ArrayList.java:1511)
Caused by: org.springframework.beans.factory.BeanCreationException: Error creating bean with name 'getWebDriver' defined in com.hpsc.qa.base.MainBase: Bean instantiation via factory method failed; nested exception is org.springframework.beans.BeanInstantiationException: Failed to instantiate [org.openqa.selenium.WebDriver]: Factory method 'getWebDriver' threw exception; nested exception is java.lang.NullPointerException: Cannot invoke "String.equalsIgnoreCase(String)" because the return value of "java.lang.System.getProperty(String)" is null
at org.springframework.beans.factory.support.ConstructorResolver.instantiate(ConstructorResolver.java:658)
at org.springframework.beans.factory.support.ConstructorResolver.instantiateUsingFactoryMethod(ConstructorResolver.java:486)
at org.springframework.beans.factory.support.AbstractAutowireCapableBeanFactory.instantiateUsingFactoryMethod(AbstractAutowireCapableBeanFactory.java:1352)
at org.springframework.beans.factory.support.AbstractAutowireCapableBeanFactory.createBeanInstance(AbstractAutowireCapableBeanFactory.java:1195)
at org.springframework.beans.factory.support.AbstractAutowireCapableBeanFactory.doCreateBean(AbstractAutowireCapableBeanFactory.java:582)
at org.springframework.beans.factory.support.AbstractAutowireCapableBeanFactory.createBean(AbstractAutowireCapableBeanFactory.java:542)
at org.springframework.beans.factory.support.AbstractBeanFactory.lambda$doGetBean$1(AbstractBeanFactory.java:374)
at org.springframework.boot.test.autoconfigure.web.servlet.WebDriverScope.get(WebDriverScope.java:58)
at org.springframework.beans.factory.support.AbstractBeanFactory.doGetBean(AbstractBeanFactory.java:371)
at org.springframework.beans.factory.support.AbstractBeanFactory.getBean(AbstractBeanFactory.java:208)
at org.springframework.beans.factory.config.DependencyDescriptor.resolveCandidate(DependencyDescriptor.java:276)
at org.springframework.beans.factory.support.DefaultListableBeanFactory.doResolveDependency(DefaultListableBeanFactory.java:1389)
at org.springframework.beans.factory.support.DefaultListableBeanFactory.resolveDependency(DefaultListableBeanFactory.java:1309)
at org.springframework.beans.factory.annotation.AutowiredAnnotationBeanPostProcessor$AutowiredFieldElement.resolveFieldValue(AutowiredAnnotationBeanPostProcessor.java:656)
... 39 more
Caused by: org.springframework.beans.BeanInstantiationException: Failed to instantiate [org.openqa.selenium.WebDriver]: Factory method 'getWebDriver' threw exception; nested exception is java.lang.NullPointerException: Cannot invoke "String.equalsIgnoreCase(String)" because the return value of "java.lang.System.getProperty(String)" is null
at org.springframework.beans.factory.support.SimpleInstantiationStrategy.instantiate(SimpleInstantiationStrategy.java:185)
at org.springframework.beans.factory.support.ConstructorResolver.instantiate(ConstructorResolver.java:653)
... 52 more
Caused by: java.lang.NullPointerException: Cannot invoke "String.equalsIgnoreCase(String)" because the return value of "java.lang.System.getProperty(String)" is null
at com.hpsc.qa.base.MainBase.getWebDriver(MainBase.java:16)
at com.hpsc.qa.base.MainBase$$EnhancerBySpringCGLIB$$382aaf41.CGLIB$getWebDriver$0(<generated>)
at com.hpsc.qa.base.MainBase$$EnhancerBySpringCGLIB$$382aaf41$$FastClassBySpringCGLIB$$a70f88dd.invoke(<generated>)
at org.springframework.cglib.proxy.MethodProxy.invokeSuper(MethodProxy.java:244)
at org.springframework.context.annotation.ConfigurationClassEnhancer$BeanMethodInterceptor.intercept(ConfigurationClassEnhancer.java:331)
at com.hpsc.qa.base.MainBase$$EnhancerBySpringCGLIB$$382aaf41.getWebDriver(<generated>)
at org.springframework.beans.factory.support.SimpleInstantiationStrategy.instantiate(SimpleInstantiationStrategy.java:154)
... 53 more
... Removed 31 stack frames]]>
    </failure>
  </testcase> <!-- @BeforeMethod springTestContextBeforeTestMethod -->
  <testcase classname="com.hpsc.qa.base.TestBase" name="@BeforeMethod login" time="0.0">
    <skipped/>
  </testcase> <!-- @BeforeMethod login -->
  <testcase classname="com.hpsc.qa.base.TestBase" name="@AfterMethod nevigateBackToHomepage" time="0.0">
    <skipped/>
  </testcase> <!-- @AfterMethod nevigateBackToHomepage -->
  <testcase classname="org.springframework.test.context.testng.AbstractTestNGSpringContextTests" name="@BeforeClass springTestContextPrepareTestInstance" time="0.015">
    <failure type="org.springframework.beans.factory.UnsatisfiedDependencyException" message="Error creating bean with name &amp;apos;com.hpsc.qa.testcases.ToolsPageTest&amp;apos;: Unsatisfied dependency expressed through field &amp;apos;driver&amp;apos;; nested exception is org.springframework.beans.factory.BeanCreationException: Error creating bean with name &amp;apos;getWebDriver&amp;apos; defined in com.hpsc.qa.base.MainBase: Bean instantiation via factory method failed; nested exception is org.springframework.beans.BeanInstantiationException: Failed to instantiate [org.openqa.selenium.WebDriver]: Factory method &amp;apos;getWebDriver&amp;apos; threw exception; nested exception is java.lang.NullPointerException: Cannot invoke &amp;quot;String.equalsIgnoreCase(String)&amp;quot; because the return value of &amp;quot;java.lang.System.getProperty(String)&amp;quot; is null">
      <![CDATA[org.springframework.beans.factory.UnsatisfiedDependencyException: Error creating bean with name 'com.hpsc.qa.testcases.ToolsPageTest': Unsatisfied dependency expressed through field 'driver'; nested exception is org.springframework.beans.factory.BeanCreationException: Error creating bean with name 'getWebDriver' defined in com.hpsc.qa.base.MainBase: Bean instantiation via factory method failed; nested exception is org.springframework.beans.BeanInstantiationException: Failed to instantiate [org.openqa.selenium.WebDriver]: Factory method 'getWebDriver' threw exception; nested exception is java.lang.NullPointerException: Cannot invoke "String.equalsIgnoreCase(String)" because the return value of "java.lang.System.getProperty(String)" is null
at org.springframework.beans.factory.annotation.AutowiredAnnotationBeanPostProcessor$AutowiredFieldElement.resolveFieldValue(AutowiredAnnotationBeanPostProcessor.java:659)
at org.springframework.beans.factory.annotation.AutowiredAnnotationBeanPostProcessor$AutowiredFieldElement.inject(AutowiredAnnotationBeanPostProcessor.java:639)
at org.springframework.beans.factory.annotation.InjectionMetadata.inject(InjectionMetadata.java:119)
at org.springframework.beans.factory.annotation.AutowiredAnnotationBeanPostProcessor.postProcessProperties(AutowiredAnnotationBeanPostProcessor.java:399)
at org.springframework.beans.factory.support.AbstractAutowireCapableBeanFactory.populateBean(AbstractAutowireCapableBeanFactory.java:1431)
at org.springframework.beans.factory.support.AbstractAutowireCapableBeanFactory.autowireBeanProperties(AbstractAutowireCapableBeanFactory.java:417)
at org.springframework.test.context.support.DependencyInjectionTestExecutionListener.injectDependencies(DependencyInjectionTestExecutionListener.java:119)
at org.springframework.test.context.support.DependencyInjectionTestExecutionListener.prepareTestInstance(DependencyInjectionTestExecutionListener.java:83)
at org.springframework.test.context.TestContextManager.prepareTestInstance(TestContextManager.java:248)
at org.springframework.test.context.testng.AbstractTestNGSpringContextTests.springTestContextPrepareTestInstance(AbstractTestNGSpringContextTests.java:149)
at java.base/java.util.ArrayList.forEach(ArrayList.java:1511)
Caused by: org.springframework.beans.factory.BeanCreationException: Error creating bean with name 'getWebDriver' defined in com.hpsc.qa.base.MainBase: Bean instantiation via factory method failed; nested exception is org.springframework.beans.BeanInstantiationException: Failed to instantiate [org.openqa.selenium.WebDriver]: Factory method 'getWebDriver' threw exception; nested exception is java.lang.NullPointerException: Cannot invoke "String.equalsIgnoreCase(String)" because the return value of "java.lang.System.getProperty(String)" is null
at org.springframework.beans.factory.support.ConstructorResolver.instantiate(ConstructorResolver.java:658)
at org.springframework.beans.factory.support.ConstructorResolver.instantiateUsingFactoryMethod(ConstructorResolver.java:486)
at org.springframework.beans.factory.support.AbstractAutowireCapableBeanFactory.instantiateUsingFactoryMethod(AbstractAutowireCapableBeanFactory.java:1352)
at org.springframework.beans.factory.support.AbstractAutowireCapableBeanFactory.createBeanInstance(AbstractAutowireCapableBeanFactory.java:1195)
at org.springframework.beans.factory.support.AbstractAutowireCapableBeanFactory.doCreateBean(AbstractAutowireCapableBeanFactory.java:582)
at org.springframework.beans.factory.support.AbstractAutowireCapableBeanFactory.createBean(AbstractAutowireCapableBeanFactory.java:542)
at org.springframework.beans.factory.support.AbstractBeanFactory.lambda$doGetBean$1(AbstractBeanFactory.java:374)
at org.springframework.boot.test.autoconfigure.web.servlet.WebDriverScope.get(WebDriverScope.java:58)
at org.springframework.beans.factory.support.AbstractBeanFactory.doGetBean(AbstractBeanFactory.java:371)
at org.springframework.beans.factory.support.AbstractBeanFactory.getBean(AbstractBeanFactory.java:208)
at org.springframework.beans.factory.config.DependencyDescriptor.resolveCandidate(DependencyDescriptor.java:276)
at org.springframework.beans.factory.support.DefaultListableBeanFactory.doResolveDependency(DefaultListableBeanFactory.java:1389)
at org.springframework.beans.factory.support.DefaultListableBeanFactory.resolveDependency(DefaultListableBeanFactory.java:1309)
at org.springframework.beans.factory.annotation.AutowiredAnnotationBeanPostProcessor$AutowiredFieldElement.resolveFieldValue(AutowiredAnnotationBeanPostProcessor.java:656)
... 33 more
Caused by: org.springframework.beans.BeanInstantiationException: Failed to instantiate [org.openqa.selenium.WebDriver]: Factory method 'getWebDriver' threw exception; nested exception is java.lang.NullPointerException: Cannot invoke "String.equalsIgnoreCase(String)" because the return value of "java.lang.System.getProperty(String)" is null
at org.springframework.beans.factory.support.SimpleInstantiationStrategy.instantiate(SimpleInstantiationStrategy.java:185)
at org.springframework.beans.factory.support.ConstructorResolver.instantiate(ConstructorResolver.java:653)
... 46 more
Caused by: java.lang.NullPointerException: Cannot invoke "String.equalsIgnoreCase(String)" because the return value of "java.lang.System.getProperty(String)" is null
at com.hpsc.qa.base.MainBase.getWebDriver(MainBase.java:16)
at com.hpsc.qa.base.MainBase$$EnhancerBySpringCGLIB$$382aaf41.CGLIB$getWebDriver$0(<generated>)
at com.hpsc.qa.base.MainBase$$EnhancerBySpringCGLIB$$382aaf41$$FastClassBySpringCGLIB$$a70f88dd.invoke(<generated>)
at org.springframework.cglib.proxy.MethodProxy.invokeSuper(MethodProxy.java:244)
at org.springframework.context.annotation.ConfigurationClassEnhancer$BeanMethodInterceptor.intercept(ConfigurationClassEnhancer.java:331)
at com.hpsc.qa.base.MainBase$$EnhancerBySpringCGLIB$$382aaf41.getWebDriver(<generated>)
at org.springframework.beans.factory.support.SimpleInstantiationStrategy.instantiate(SimpleInstantiationStrategy.java:154)
... 47 more
... Removed 25 stack frames]]>
    </failure>
  </testcase> <!-- @BeforeClass springTestContextPrepareTestInstance -->
  <testcase classname="com.hpsc.qa.base.TestBase" name="@BeforeClass setUp" time="0.0">
    <skipped/>
  </testcase> <!-- @BeforeClass setUp -->
  <testcase classname="com.hpsc.qa.base.TestBase" name="@BeforeMethod login" time="0.0">
    <skipped/>
  </testcase> <!-- @BeforeMethod login -->
  <testcase classname="com.hpsc.qa.base.TestBase" name="@AfterMethod nevigateBackToHomepage" time="0.0">
    <skipped/>
  </testcase> <!-- @AfterMethod nevigateBackToHomepage -->
  <testcase classname="org.springframework.test.context.testng.AbstractTestNGSpringContextTests" name="@BeforeMethod springTestContextBeforeTestMethod" time="0.009">
    <failure type="org.springframework.beans.factory.UnsatisfiedDependencyException" message="Error creating bean with name &amp;apos;com.hpsc.qa.testcases.ToolsPageTest&amp;apos;: Unsatisfied dependency expressed through field &amp;apos;driver&amp;apos;; nested exception is org.springframework.beans.factory.BeanCreationException: Error creating bean with name &amp;apos;getWebDriver&amp;apos; defined in com.hpsc.qa.base.MainBase: Bean instantiation via factory method failed; nested exception is org.springframework.beans.BeanInstantiationException: Failed to instantiate [org.openqa.selenium.WebDriver]: Factory method &amp;apos;getWebDriver&amp;apos; threw exception; nested exception is java.lang.NullPointerException: Cannot invoke &amp;quot;String.equalsIgnoreCase(String)&amp;quot; because the return value of &amp;quot;java.lang.System.getProperty(String)&amp;quot; is null">
      <![CDATA[org.springframework.beans.factory.UnsatisfiedDependencyException: Error creating bean with name 'com.hpsc.qa.testcases.ToolsPageTest': Unsatisfied dependency expressed through field 'driver'; nested exception is org.springframework.beans.factory.BeanCreationException: Error creating bean with name 'getWebDriver' defined in com.hpsc.qa.base.MainBase: Bean instantiation via factory method failed; nested exception is org.springframework.beans.BeanInstantiationException: Failed to instantiate [org.openqa.selenium.WebDriver]: Factory method 'getWebDriver' threw exception; nested exception is java.lang.NullPointerException: Cannot invoke "String.equalsIgnoreCase(String)" because the return value of "java.lang.System.getProperty(String)" is null
at org.springframework.beans.factory.annotation.AutowiredAnnotationBeanPostProcessor$AutowiredFieldElement.resolveFieldValue(AutowiredAnnotationBeanPostProcessor.java:659)
at org.springframework.beans.factory.annotation.AutowiredAnnotationBeanPostProcessor$AutowiredFieldElement.inject(AutowiredAnnotationBeanPostProcessor.java:639)
at org.springframework.beans.factory.annotation.InjectionMetadata.inject(InjectionMetadata.java:119)
at org.springframework.beans.factory.annotation.AutowiredAnnotationBeanPostProcessor.postProcessProperties(AutowiredAnnotationBeanPostProcessor.java:399)
at org.springframework.beans.factory.support.AbstractAutowireCapableBeanFactory.populateBean(AbstractAutowireCapableBeanFactory.java:1431)
at org.springframework.beans.factory.support.AbstractAutowireCapableBeanFactory.autowireBeanProperties(AbstractAutowireCapableBeanFactory.java:417)
at org.springframework.test.context.support.DependencyInjectionTestExecutionListener.injectDependencies(DependencyInjectionTestExecutionListener.java:119)
at org.springframework.test.context.support.DependencyInjectionTestExecutionListener.beforeTestMethod(DependencyInjectionTestExecutionListener.java:99)
at org.springframework.test.context.TestContextManager.beforeTestMethod(TestContextManager.java:293)
at org.springframework.test.context.testng.AbstractTestNGSpringContextTests.springTestContextBeforeTestMethod(AbstractTestNGSpringContextTests.java:161)
at java.base/java.util.ArrayList.forEach(ArrayList.java:1511)
Caused by: org.springframework.beans.factory.BeanCreationException: Error creating bean with name 'getWebDriver' defined in com.hpsc.qa.base.MainBase: Bean instantiation via factory method failed; nested exception is org.springframework.beans.BeanInstantiationException: Failed to instantiate [org.openqa.selenium.WebDriver]: Factory method 'getWebDriver' threw exception; nested exception is java.lang.NullPointerException: Cannot invoke "String.equalsIgnoreCase(String)" because the return value of "java.lang.System.getProperty(String)" is null
at org.springframework.beans.factory.support.ConstructorResolver.instantiate(ConstructorResolver.java:658)
at org.springframework.beans.factory.support.ConstructorResolver.instantiateUsingFactoryMethod(ConstructorResolver.java:486)
at org.springframework.beans.factory.support.AbstractAutowireCapableBeanFactory.instantiateUsingFactoryMethod(AbstractAutowireCapableBeanFactory.java:1352)
at org.springframework.beans.factory.support.AbstractAutowireCapableBeanFactory.createBeanInstance(AbstractAutowireCapableBeanFactory.java:1195)
at org.springframework.beans.factory.support.AbstractAutowireCapableBeanFactory.doCreateBean(AbstractAutowireCapableBeanFactory.java:582)
at org.springframework.beans.factory.support.AbstractAutowireCapableBeanFactory.createBean(AbstractAutowireCapableBeanFactory.java:542)
at org.springframework.beans.factory.support.AbstractBeanFactory.lambda$doGetBean$1(AbstractBeanFactory.java:374)
at org.springframework.boot.test.autoconfigure.web.servlet.WebDriverScope.get(WebDriverScope.java:58)
at org.springframework.beans.factory.support.AbstractBeanFactory.doGetBean(AbstractBeanFactory.java:371)
at org.springframework.beans.factory.support.AbstractBeanFactory.getBean(AbstractBeanFactory.java:208)
at org.springframework.beans.factory.config.DependencyDescriptor.resolveCandidate(DependencyDescriptor.java:276)
at org.springframework.beans.factory.support.DefaultListableBeanFactory.doResolveDependency(DefaultListableBeanFactory.java:1389)
at org.springframework.beans.factory.support.DefaultListableBeanFactory.resolveDependency(DefaultListableBeanFactory.java:1309)
at org.springframework.beans.factory.annotation.AutowiredAnnotationBeanPostProcessor$AutowiredFieldElement.resolveFieldValue(AutowiredAnnotationBeanPostProcessor.java:656)
... 39 more
Caused by: org.springframework.beans.BeanInstantiationException: Failed to instantiate [org.openqa.selenium.WebDriver]: Factory method 'getWebDriver' threw exception; nested exception is java.lang.NullPointerException: Cannot invoke "String.equalsIgnoreCase(String)" because the return value of "java.lang.System.getProperty(String)" is null
at org.springframework.beans.factory.support.SimpleInstantiationStrategy.instantiate(SimpleInstantiationStrategy.java:185)
at org.springframework.beans.factory.support.ConstructorResolver.instantiate(ConstructorResolver.java:653)
... 52 more
Caused by: java.lang.NullPointerException: Cannot invoke "String.equalsIgnoreCase(String)" because the return value of "java.lang.System.getProperty(String)" is null
at com.hpsc.qa.base.MainBase.getWebDriver(MainBase.java:16)
at com.hpsc.qa.base.MainBase$$EnhancerBySpringCGLIB$$382aaf41.CGLIB$getWebDriver$0(<generated>)
at com.hpsc.qa.base.MainBase$$EnhancerBySpringCGLIB$$382aaf41$$FastClassBySpringCGLIB$$a70f88dd.invoke(<generated>)
at org.springframework.cglib.proxy.MethodProxy.invokeSuper(MethodProxy.java:244)
at org.springframework.context.annotation.ConfigurationClassEnhancer$BeanMethodInterceptor.intercept(ConfigurationClassEnhancer.java:331)
at com.hpsc.qa.base.MainBase$$EnhancerBySpringCGLIB$$382aaf41.getWebDriver(<generated>)
at org.springframework.beans.factory.support.SimpleInstantiationStrategy.instantiate(SimpleInstantiationStrategy.java:154)
... 53 more
... Removed 31 stack frames]]>
    </failure>
  </testcase> <!-- @BeforeMethod springTestContextBeforeTestMethod -->
  <testcase classname="com.hpsc.qa.base.TestBase" name="@BeforeMethod login" time="0.0">
    <skipped/>
  </testcase> <!-- @BeforeMethod login -->
  <testcase classname="com.hpsc.qa.base.TestBase" name="@AfterMethod nevigateBackToHomepage" time="0.0">
    <skipped/>
  </testcase> <!-- @AfterMethod nevigateBackToHomepage -->
  <testcase classname="com.hpsc.qa.testcases.LoginPageTest" name="loginPageTitleTest" time="0.0">
    <skipped/>
  </testcase> <!-- loginPageTitleTest -->
  <testcase classname="com.hpsc.qa.testcases.LoginPageTest" name="inValidLogintest" time="0.001">
    <skipped/>
  </testcase> <!-- inValidLogintest -->
  <testcase classname="com.hpsc.qa.testcases.HomePageTest" name="pageBannerTitleTest" time="0.0">
    <skipped/>
  </testcase> <!-- pageBannerTitleTest -->
  <testcase classname="com.hpsc.qa.testcases.HomePageTest" name="countryDropDownTest" time="0.0">
    <skipped/>
  </testcase> <!-- countryDropDownTest -->
  <testcase classname="com.hpsc.qa.testcases.HomePageTest" name="verifyToolsLinkTest" time="0.001">
    <skipped/>
  </testcase> <!-- verifyToolsLinkTest -->
  <testcase classname="com.hpsc.qa.testcases.ToolsPageTest" name="WorkspaceButtonTest" time="0.0">
    <skipped/>
  </testcase> <!-- WorkspaceButtonTest -->
  <testcase classname="com.hpsc.qa.testcases.ToolsPageTest" name="collapseViewTest" time="0.0">
    <skipped/>
  </testcase> <!-- collapseViewTest -->
  <testcase classname="com.hpsc.qa.base.TestBase" name="@AfterSuite tearDown" time="0.0">
    <ignored/>
  </testcase> <!-- @AfterSuite tearDown -->
  <testcase classname="com.hpsc.qa.base.TestBase" name="@AfterSuite tearDown" time="0.0">
    <ignored/>
  </testcase> <!-- @AfterSuite tearDown -->
</testsuite> <!-- HPSC test cases -->
